0 info it worked if it ends with ok
1 verbose cli [ '/usr/local/Cellar/node/5.5.0/bin/node',
1 verbose cli   '/usr/local/bin/npm',
1 verbose cli   'run',
1 verbose cli   'deploy' ]
2 info using npm@3.5.3
3 info using node@v5.5.0
4 verbose run-script [ 'predeploy', 'deploy', 'postdeploy' ]
5 info lifecycle escotometro@1.0.0~predeploy: escotometro@1.0.0
6 silly lifecycle escotometro@1.0.0~predeploy: no script for predeploy, continuing
7 info lifecycle escotometro@1.0.0~deploy: escotometro@1.0.0
8 verbose lifecycle escotometro@1.0.0~deploy: unsafe-perm in lifecycle true
9 verbose lifecycle escotometro@1.0.0~deploy: PATH: /usr/local/lib/node_modules/npm/bin/node-gyp-bin:/Users/ggsalas/Developer/escotometro/node_modules/.bin:./node_modules/.bin:/usr/bin:/bin:/usr/sbin:/sbin:/usr/local/bin:/opt/X11/bin
10 verbose lifecycle escotometro@1.0.0~deploy: CWD: /Users/ggsalas/Developer/escotometro
11 silly lifecycle escotometro@1.0.0~deploy: Args: [ '-c', 'gh-pages -d public' ]
12 silly lifecycle escotometro@1.0.0~deploy: Returned: code: 1  signal: null
13 info lifecycle escotometro@1.0.0~deploy: Failed to exec deploy script
14 verbose stack Error: escotometro@1.0.0 deploy: `gh-pages -d public`
14 verbose stack Exit status 1
14 verbose stack     at EventEmitter.<anonymous> (/usr/local/lib/node_modules/npm/lib/utils/lifecycle.js:232:16)
14 verbose stack     at emitTwo (events.js:100:13)
14 verbose stack     at EventEmitter.emit (events.js:185:7)
14 verbose stack     at ChildProcess.<anonymous> (/usr/local/lib/node_modules/npm/lib/utils/spawn.js:24:14)
14 verbose stack     at emitTwo (events.js:100:13)
14 verbose stack     at ChildProcess.emit (events.js:185:7)
14 verbose stack     at maybeClose (internal/child_process.js:821:16)
14 verbose stack     at Process.ChildProcess._handle.onexit (internal/child_process.js:211:5)
15 verbose pkgid escotometro@1.0.0
16 verbose cwd /Users/ggsalas/Developer/escotometro
17 error Darwin 15.4.0
18 error argv "/usr/local/Cellar/node/5.5.0/bin/node" "/usr/local/bin/npm" "run" "deploy"
19 error node v5.5.0
20 error npm  v3.5.3
21 error code ELIFECYCLE
22 error escotometro@1.0.0 deploy: `gh-pages -d public`
22 error Exit status 1
23 error Failed at the escotometro@1.0.0 deploy script 'gh-pages -d public'.
23 error Make sure you have the latest version of node.js and npm installed.
23 error If you do, this is most likely a problem with the escotometro package,
23 error not with npm itself.
23 error Tell the author that this fails on your system:
23 error     gh-pages -d public
23 error You can get information on how to open an issue for this project with:
23 error     npm bugs escotometro
23 error Or if that isn't available, you can get their info via:
23 error     npm owner ls escotometro
23 error There is likely additional logging output above.
24 verbose exit [ 1, true ]
